[ 2024-08-31 20:47:47,805 ] 97 werkzeug - WARNING -  * Debugger is active!
[ 2024-08-31 20:47:47,814 ] 97 werkzeug - INFO -  * Debugger PIN: 119-654-287
[ 2024-08-31 20:47:49,851 ] 97 werkzeug - INFO - 127.0.0.1 - - [31/Aug/2024 20:47:49] "GET / HTTP/1.1" 200 -
[ 2024-08-31 20:47:51,499 ] 41 root - INFO - Entered initiate_data_ingestion method of Data_Ingestion class
[ 2024-08-31 20:47:51,499 ] 26 root - INFO - Exporting data from mongodb
[ 2024-08-31 20:47:51,500 ] 30 root - INFO - Saving exported data into feature store file path: artifacts/08_31_2024_20_47_46/data_ingestion
[ 2024-08-31 20:48:07,703 ] 32 root - INFO - Shape of dataset: (11055, 31)
[ 2024-08-31 20:48:07,751 ] 44 root - INFO - Got the data from mongodb
[ 2024-08-31 20:48:07,751 ] 45 root - INFO - Exited initiate_data_ingestion method of Data_Ingestion class
[ 2024-08-31 20:48:07,751 ] 123 root - INFO - Entered initiate_data_validation method of Data_Validation class
[ 2024-08-31 20:48:07,751 ] 125 root - INFO - Initiated data validation for the dataset
[ 2024-08-31 20:48:07,752 ] 41 root - INFO - Error in valuesFromSchema in data_validation.py
[ 2024-08-31 20:48:07,787 ] 48 root - INFO - Entered initiate_data_transformation method of DataTransformation class
[ 2024-08-31 20:48:07,805 ] 83 root - INFO - Unwanted spaces removal Successful.
Exited the remove_unwanted_spaces method of the Preprocessor class
[ 2024-08-31 20:48:07,831 ] 38 root - INFO - Entered the save_object method of MainUtils class
[ 2024-08-31 20:48:07,832 ] 45 root - INFO - Exited the save_object method of MainUtils class
[ 2024-08-31 20:48:07,833 ] 104 root - INFO - Splitting training and testing input and target feature
[ 2024-08-31 20:48:07,833 ] 105 root - INFO - Extracting model config file path
[ 2024-08-31 20:48:07,833 ] 52 root - INFO - Entered the load_object method of MainUtils class
[ 2024-08-31 20:48:07,833 ] 56 root - INFO - Exited the load_object method of MainUtils class
[ 2024-08-31 20:48:07,833 ] 107 root - INFO - Extracting model config file path
[ 2024-08-31 20:52:04,035 ] 119 root - INFO - Best found model on both training and testing dataset
[ 2024-08-31 20:52:04,035 ] 121 root - INFO - Saving model at path: artifacts/08_31_2024_20_47_46/model_trainer/trained_model/model.pkl
[ 2024-08-31 20:52:04,035 ] 38 root - INFO - Entered the save_object method of MainUtils class
[ 2024-08-31 20:52:04,273 ] 45 root - INFO - Exited the save_object method of MainUtils class
[ 2024-08-31 20:52:04,305 ] 97 werkzeug - INFO - 127.0.0.1 - - [31/Aug/2024 20:52:04] "GET /train HTTP/1.1" 200 -
[ 2024-08-31 20:52:40,123 ] 97 werkzeug - INFO -  * Detected change in '/Users/adityachaudhary/Desktop/Important Projects/Data Science/Phishing-Classifier/src/components/model_trainer.py', reloading
