[ 2024-08-30 09:11:25,503 ] 97 werkzeug - WARNING -  * Debugger is active!
[ 2024-08-30 09:11:25,510 ] 97 werkzeug - INFO -  * Debugger PIN: 119-654-287
[ 2024-08-30 09:11:28,795 ] 97 werkzeug - INFO - 127.0.0.1 - - [30/Aug/2024 09:11:28] "GET / HTTP/1.1" 200 -
[ 2024-08-30 09:11:34,074 ] 41 root - INFO - Entered initiate_data_ingestion method of Data_Ingestion class
[ 2024-08-30 09:11:34,074 ] 26 root - INFO - Exporting data from mongodb
[ 2024-08-30 09:11:34,075 ] 30 root - INFO - Saving exported data into feature store file path: artifacts/08_30_2024_09_11_24/data_ingestion
[ 2024-08-30 09:11:36,616 ] 32 root - INFO - Shape of dataset: (11055, 31)
[ 2024-08-30 09:11:36,657 ] 44 root - INFO - Got the data from mongodb
[ 2024-08-30 09:11:36,657 ] 45 root - INFO - Exited initiate_data_ingestion method of Data_Ingestion class
[ 2024-08-30 09:11:36,657 ] 123 root - INFO - Entered initiate_data_validation method of Data_Validation class
[ 2024-08-30 09:11:36,657 ] 125 root - INFO - Initiated data validation for the dataset
[ 2024-08-30 09:11:36,658 ] 41 root - INFO - Error in valuesFromSchema in data_validation.py
[ 2024-08-30 09:11:36,688 ] 48 root - INFO - Entered initiate_data_transformation method of DataTransformation class
[ 2024-08-30 09:11:36,704 ] 80 root - INFO - Unwanted spaces removal Successful.
Exited the remove_unwanted_spaces method of the Preprocessor class
[ 2024-08-30 09:11:36,726 ] 38 root - INFO - Entered the save_object method of MainUtils class
[ 2024-08-30 09:11:36,727 ] 42 root - INFO - Exited the save_object method of MainUtils class
[ 2024-08-30 09:11:36,727 ] 97 root - INFO - Splitting training and testing input and target feature
[ 2024-08-30 09:11:36,727 ] 98 root - INFO - Extracting model config file path
[ 2024-08-30 09:11:36,727 ] 49 root - INFO - Entered the load_object method of MainUtils class
[ 2024-08-30 09:11:36,727 ] 53 root - INFO - Exited the load_object method of MainUtils class
[ 2024-08-30 09:11:36,727 ] 100 root - INFO - Extracting model config file path
[ 2024-08-30 09:11:51,301 ] 112 root - INFO - Best found model on both training and testing dataset
[ 2024-08-30 09:11:51,302 ] 114 root - INFO - Saving model at path: artifacts/08_30_2024_09_11_24/model_trainer/trained_model/model.pkl
[ 2024-08-30 09:11:51,302 ] 38 root - INFO - Entered the save_object method of MainUtils class
[ 2024-08-30 09:11:51,304 ] 42 root - INFO - Exited the save_object method of MainUtils class
[ 2024-08-30 09:11:51,308 ] 97 werkzeug - INFO - 127.0.0.1 - - [30/Aug/2024 09:11:51] "[35m[1mGET /train HTTP/1.1[0m" 500 -
[ 2024-08-30 09:11:51,361 ] 97 werkzeug - INFO - 127.0.0.1 - - [30/Aug/2024 09:11:51] "[36mGET /train?__debugger__=yes&cmd=resource&f=style.css HTTP/1.1[0m" 304 -
[ 2024-08-30 09:11:51,362 ] 97 werkzeug - INFO - 127.0.0.1 - - [30/Aug/2024 09:11:51] "[36mGET /train?__debugger__=yes&cmd=resource&f=debugger.js HTTP/1.1[0m" 304 -
[ 2024-08-30 09:11:51,399 ] 97 werkzeug - INFO - 127.0.0.1 - - [30/Aug/2024 09:11:51] "[36mGET /train?__debugger__=yes&cmd=resource&f=console.png HTTP/1.1[0m" 304 -
[ 2024-08-30 09:11:51,418 ] 97 werkzeug - INFO - 127.0.0.1 - - [30/Aug/2024 09:11:51] "[36mGET /train?__debugger__=yes&cmd=resource&f=console.png HTTP/1.1[0m" 304 -
