[ 2024-08-30 09:33:35,127 ] 97 werkzeug - WARNING -  * Debugger is active!
[ 2024-08-30 09:33:35,137 ] 97 werkzeug - INFO -  * Debugger PIN: 119-654-287
[ 2024-08-30 09:33:49,980 ] 97 werkzeug - INFO - 127.0.0.1 - - [30/Aug/2024 09:33:49] "GET / HTTP/1.1" 200 -
[ 2024-08-30 09:33:51,560 ] 41 root - INFO - Entered initiate_data_ingestion method of Data_Ingestion class
[ 2024-08-30 09:33:51,560 ] 26 root - INFO - Exporting data from mongodb
[ 2024-08-30 09:33:51,560 ] 30 root - INFO - Saving exported data into feature store file path: artifacts/08_30_2024_09_33_34/data_ingestion
[ 2024-08-30 09:33:54,407 ] 32 root - INFO - Shape of dataset: (11055, 31)
[ 2024-08-30 09:33:54,449 ] 44 root - INFO - Got the data from mongodb
[ 2024-08-30 09:33:54,449 ] 45 root - INFO - Exited initiate_data_ingestion method of Data_Ingestion class
[ 2024-08-30 09:33:54,449 ] 123 root - INFO - Entered initiate_data_validation method of Data_Validation class
[ 2024-08-30 09:33:54,450 ] 125 root - INFO - Initiated data validation for the dataset
[ 2024-08-30 09:33:54,450 ] 41 root - INFO - Error in valuesFromSchema in data_validation.py
[ 2024-08-30 09:33:54,482 ] 48 root - INFO - Entered initiate_data_transformation method of DataTransformation class
[ 2024-08-30 09:33:54,498 ] 81 root - INFO - Unwanted spaces removal Successful.
Exited the remove_unwanted_spaces method of the Preprocessor class
[ 2024-08-30 09:33:54,520 ] 38 root - INFO - Entered the save_object method of MainUtils class
[ 2024-08-30 09:33:54,521 ] 43 root - INFO - Exited the save_object method of MainUtils class
[ 2024-08-30 09:33:54,521 ] 97 root - INFO - Splitting training and testing input and target feature
[ 2024-08-30 09:33:54,521 ] 98 root - INFO - Extracting model config file path
[ 2024-08-30 09:33:54,522 ] 50 root - INFO - Entered the load_object method of MainUtils class
[ 2024-08-30 09:33:54,522 ] 54 root - INFO - Exited the load_object method of MainUtils class
[ 2024-08-30 09:33:54,522 ] 100 root - INFO - Extracting model config file path
[ 2024-08-30 09:34:08,870 ] 112 root - INFO - Best found model on both training and testing dataset
[ 2024-08-30 09:34:08,871 ] 114 root - INFO - Saving model at path: artifacts/08_30_2024_09_33_34/model_trainer/trained_model/model.pkl
[ 2024-08-30 09:34:08,871 ] 38 root - INFO - Entered the save_object method of MainUtils class
[ 2024-08-30 09:34:08,874 ] 43 root - INFO - Exited the save_object method of MainUtils class
[ 2024-08-30 09:34:08,877 ] 97 werkzeug - INFO - 127.0.0.1 - - [30/Aug/2024 09:34:08] "GET /train HTTP/1.1" 200 -
[ 2024-08-30 09:35:15,416 ] 97 werkzeug - INFO - 127.0.0.1 - - [30/Aug/2024 09:35:15] "GET /predict HTTP/1.1" 200 -
[ 2024-08-30 09:35:15,464 ] 97 werkzeug - INFO - 127.0.0.1 - - [30/Aug/2024 09:35:15] "[33mGET /script.js HTTP/1.1[0m" 404 -
[ 2024-08-30 09:35:15,469 ] 97 werkzeug - INFO - 127.0.0.1 - - [30/Aug/2024 09:35:15] "[36mGET /static/css/style.css HTTP/1.1[0m" 304 -
[ 2024-08-30 09:36:00,854 ] 97 werkzeug - INFO -  * Detected change in '/Users/adityachaudhary/Desktop/Important Projects/Data Science/Phishing-Classifier/src/pipeline/predict_pipeline.py', reloading
