[ 2024-09-01 14:47:28,471 ] 97 werkzeug - WARNING -  * Debugger is active!
[ 2024-09-01 14:47:28,482 ] 97 werkzeug - INFO -  * Debugger PIN: 119-654-287
[ 2024-09-01 14:47:30,307 ] 41 root - INFO - Entered initiate_data_ingestion method of Data_Ingestion class
[ 2024-09-01 14:47:30,307 ] 26 root - INFO - Exporting data from mongodb
[ 2024-09-01 14:47:30,308 ] 30 root - INFO - Saving exported data into feature store file path: artifacts/09_01_2024_14_47_27/data_ingestion
[ 2024-09-01 14:47:32,381 ] 97 werkzeug - INFO - 127.0.0.1 - - [01/Sep/2024 14:47:32] "GET / HTTP/1.1" 200 -
[ 2024-09-01 14:47:33,629 ] 32 root - INFO - Shape of dataset: (11055, 31)
[ 2024-09-01 14:47:33,675 ] 44 root - INFO - Got the data from mongodb
[ 2024-09-01 14:47:33,675 ] 45 root - INFO - Exited initiate_data_ingestion method of Data_Ingestion class
[ 2024-09-01 14:47:33,675 ] 123 root - INFO - Entered initiate_data_validation method of Data_Validation class
[ 2024-09-01 14:47:33,675 ] 125 root - INFO - Initiated data validation for the dataset
[ 2024-09-01 14:47:33,675 ] 41 root - INFO - Error in valuesFromSchema in data_validation.py
[ 2024-09-01 14:47:33,708 ] 48 root - INFO - Entered initiate_data_transformation method of DataTransformation class
[ 2024-09-01 14:47:33,725 ] 83 root - INFO - Unwanted spaces removal Successful.
Exited the remove_unwanted_spaces method of the Preprocessor class
[ 2024-09-01 14:47:33,747 ] 38 root - INFO - Entered the save_object method of MainUtils class
[ 2024-09-01 14:47:33,748 ] 45 root - INFO - Exited the save_object method of MainUtils class
[ 2024-09-01 14:47:33,749 ] 104 root - INFO - Splitting training and testing input and target feature
[ 2024-09-01 14:47:33,749 ] 105 root - INFO - Extracting model config file path
[ 2024-09-01 14:47:33,749 ] 52 root - INFO - Entered the load_object method of MainUtils class
[ 2024-09-01 14:47:33,749 ] 56 root - INFO - Exited the load_object method of MainUtils class
[ 2024-09-01 14:47:33,749 ] 107 root - INFO - Extracting model config file path
[ 2024-09-01 14:47:34,010 ] 97 werkzeug - INFO - 127.0.0.1 - - [01/Sep/2024 14:47:34] "GET / HTTP/1.1" 200 -
