[ 2024-09-02 08:38:35,265 ] 97 werkzeug - WARNING -  * Debugger is active!
[ 2024-09-02 08:38:35,288 ] 97 werkzeug - INFO -  * Debugger PIN: 119-654-287
[ 2024-09-02 08:38:36,314 ] 97 werkzeug - INFO - 127.0.0.1 - - [02/Sep/2024 08:38:36] "GET / HTTP/1.1" 200 -
[ 2024-09-02 08:38:38,112 ] 97 werkzeug - INFO - 127.0.0.1 - - [02/Sep/2024 08:38:38] "GET /url_classifier HTTP/1.1" 200 -
[ 2024-09-02 08:38:41,969 ] 34 root - INFO - Entered predict method of VisibilityModel class
[ 2024-09-02 08:38:41,970 ] 36 root - INFO - Using the trained model to get predictions
[ 2024-09-02 08:38:41,976 ] 38 root - INFO - Used the trained model to get predictions
[ 2024-09-02 08:38:41,991 ] 97 werkzeug - INFO - 127.0.0.1 - - [02/Sep/2024 08:38:41] "POST /url_classifier HTTP/1.1" 200 -
[ 2024-09-02 08:44:56,749 ] 97 werkzeug - INFO - 127.0.0.1 - - [02/Sep/2024 08:44:56] "GET / HTTP/1.1" 200 -
[ 2024-09-02 08:44:58,360 ] 41 root - INFO - Entered initiate_data_ingestion method of Data_Ingestion class
[ 2024-09-02 08:44:58,361 ] 26 root - INFO - Exporting data from mongodb
[ 2024-09-02 08:44:58,361 ] 30 root - INFO - Saving exported data into feature store file path: artifacts/09_02_2024_08_38_33/data_ingestion
[ 2024-09-02 08:45:01,573 ] 32 root - INFO - Shape of dataset: (11055, 31)
[ 2024-09-02 08:45:01,619 ] 44 root - INFO - Got the data from mongodb
[ 2024-09-02 08:45:01,619 ] 45 root - INFO - Exited initiate_data_ingestion method of Data_Ingestion class
[ 2024-09-02 08:45:01,619 ] 123 root - INFO - Entered initiate_data_validation method of Data_Validation class
[ 2024-09-02 08:45:01,619 ] 125 root - INFO - Initiated data validation for the dataset
[ 2024-09-02 08:45:01,620 ] 41 root - INFO - Error in valuesFromSchema in data_validation.py
[ 2024-09-02 08:45:01,655 ] 48 root - INFO - Entered initiate_data_transformation method of DataTransformation class
[ 2024-09-02 08:45:01,677 ] 83 root - INFO - Unwanted spaces removal Successful.
Exited the remove_unwanted_spaces method of the Preprocessor class
[ 2024-09-02 08:45:01,703 ] 38 root - INFO - Entered the save_object method of MainUtils class
[ 2024-09-02 08:45:01,709 ] 45 root - INFO - Exited the save_object method of MainUtils class
[ 2024-09-02 08:45:01,710 ] 104 root - INFO - Splitting training and testing input and target feature
[ 2024-09-02 08:45:01,710 ] 105 root - INFO - Extracting model config file path
[ 2024-09-02 08:45:01,710 ] 52 root - INFO - Entered the load_object method of MainUtils class
[ 2024-09-02 08:45:01,710 ] 56 root - INFO - Exited the load_object method of MainUtils class
[ 2024-09-02 08:45:01,710 ] 107 root - INFO - Extracting model config file path
