[ 2024-08-30 10:00:55,845 ] 97 werkzeug - WARNING -  * Debugger is active!
[ 2024-08-30 10:00:55,859 ] 97 werkzeug - INFO -  * Debugger PIN: 119-654-287
[ 2024-08-30 10:00:58,758 ] 97 werkzeug - INFO - 127.0.0.1 - - [30/Aug/2024 10:00:58] "GET / HTTP/1.1" 200 -
[ 2024-08-30 10:01:00,467 ] 41 root - INFO - Entered initiate_data_ingestion method of Data_Ingestion class
[ 2024-08-30 10:01:00,468 ] 26 root - INFO - Exporting data from mongodb
[ 2024-08-30 10:01:00,468 ] 30 root - INFO - Saving exported data into feature store file path: artifacts/08_30_2024_10_00_54/data_ingestion
[ 2024-08-30 10:01:04,756 ] 32 root - INFO - Shape of dataset: (11055, 31)
[ 2024-08-30 10:01:04,800 ] 44 root - INFO - Got the data from mongodb
[ 2024-08-30 10:01:04,800 ] 45 root - INFO - Exited initiate_data_ingestion method of Data_Ingestion class
[ 2024-08-30 10:01:04,801 ] 123 root - INFO - Entered initiate_data_validation method of Data_Validation class
[ 2024-08-30 10:01:04,801 ] 125 root - INFO - Initiated data validation for the dataset
[ 2024-08-30 10:01:04,801 ] 41 root - INFO - Error in valuesFromSchema in data_validation.py
[ 2024-08-30 10:01:04,836 ] 48 root - INFO - Entered initiate_data_transformation method of DataTransformation class
[ 2024-08-30 10:01:04,853 ] 83 root - INFO - Unwanted spaces removal Successful.
Exited the remove_unwanted_spaces method of the Preprocessor class
[ 2024-08-30 10:01:04,875 ] 38 root - INFO - Entered the save_object method of MainUtils class
[ 2024-08-30 10:01:04,876 ] 45 root - INFO - Exited the save_object method of MainUtils class
[ 2024-08-30 10:01:04,876 ] 101 root - INFO - Splitting training and testing input and target feature
[ 2024-08-30 10:01:04,876 ] 102 root - INFO - Extracting model config file path
[ 2024-08-30 10:01:04,876 ] 52 root - INFO - Entered the load_object method of MainUtils class
[ 2024-08-30 10:01:04,876 ] 56 root - INFO - Exited the load_object method of MainUtils class
[ 2024-08-30 10:01:04,876 ] 104 root - INFO - Extracting model config file path
[ 2024-08-30 10:05:58,135 ] 116 root - INFO - Best found model on both training and testing dataset
[ 2024-08-30 10:05:58,136 ] 118 root - INFO - Saving model at path: artifacts/08_30_2024_10_00_54/model_trainer/trained_model/model.pkl
[ 2024-08-30 10:05:58,136 ] 38 root - INFO - Entered the save_object method of MainUtils class
[ 2024-08-30 10:05:58,300 ] 45 root - INFO - Exited the save_object method of MainUtils class
[ 2024-08-30 10:05:58,329 ] 97 werkzeug - INFO - 127.0.0.1 - - [30/Aug/2024 10:05:58] "GET /train HTTP/1.1" 200 -
[ 2024-08-30 10:06:32,197 ] 97 werkzeug - INFO - 127.0.0.1 - - [30/Aug/2024 10:06:32] "GET /predict HTTP/1.1" 200 -
[ 2024-08-30 10:06:32,250 ] 97 werkzeug - INFO - 127.0.0.1 - - [30/Aug/2024 10:06:32] "GET /static/css/style.css HTTP/1.1" 200 -
[ 2024-08-30 10:06:32,262 ] 97 werkzeug - INFO - 127.0.0.1 - - [30/Aug/2024 10:06:32] "[33mGET /script.js HTTP/1.1[0m" 404 -
