[ 2024-09-01 14:21:24,062 ] 97 werkzeug - WARNING -  * Debugger is active!
[ 2024-09-01 14:21:24,073 ] 97 werkzeug - INFO -  * Debugger PIN: 119-654-287
[ 2024-09-01 14:21:24,100 ] 41 root - INFO - Entered initiate_data_ingestion method of Data_Ingestion class
[ 2024-09-01 14:21:24,100 ] 26 root - INFO - Exporting data from mongodb
[ 2024-09-01 14:21:24,101 ] 30 root - INFO - Saving exported data into feature store file path: artifacts/09_01_2024_14_21_22/data_ingestion
[ 2024-09-01 14:21:27,594 ] 32 root - INFO - Shape of dataset: (11055, 31)
[ 2024-09-01 14:21:27,641 ] 44 root - INFO - Got the data from mongodb
[ 2024-09-01 14:21:27,641 ] 45 root - INFO - Exited initiate_data_ingestion method of Data_Ingestion class
[ 2024-09-01 14:21:27,641 ] 123 root - INFO - Entered initiate_data_validation method of Data_Validation class
[ 2024-09-01 14:21:27,641 ] 125 root - INFO - Initiated data validation for the dataset
[ 2024-09-01 14:21:27,642 ] 41 root - INFO - Error in valuesFromSchema in data_validation.py
[ 2024-09-01 14:21:27,677 ] 48 root - INFO - Entered initiate_data_transformation method of DataTransformation class
[ 2024-09-01 14:21:27,698 ] 83 root - INFO - Unwanted spaces removal Successful.
Exited the remove_unwanted_spaces method of the Preprocessor class
[ 2024-09-01 14:21:27,722 ] 38 root - INFO - Entered the save_object method of MainUtils class
[ 2024-09-01 14:21:27,722 ] 45 root - INFO - Exited the save_object method of MainUtils class
[ 2024-09-01 14:21:27,723 ] 104 root - INFO - Splitting training and testing input and target feature
[ 2024-09-01 14:21:27,723 ] 105 root - INFO - Extracting model config file path
[ 2024-09-01 14:21:27,723 ] 52 root - INFO - Entered the load_object method of MainUtils class
[ 2024-09-01 14:21:27,723 ] 56 root - INFO - Exited the load_object method of MainUtils class
[ 2024-09-01 14:21:27,723 ] 107 root - INFO - Extracting model config file path
[ 2024-09-01 14:21:33,465 ] 97 werkzeug - INFO - 127.0.0.1 - - [01/Sep/2024 14:21:33] "GET / HTTP/1.1" 200 -
