[ 2024-08-31 20:45:45,398 ] 97 werkzeug - WARNING -  * Debugger is active!
[ 2024-08-31 20:45:45,407 ] 97 werkzeug - INFO -  * Debugger PIN: 119-654-287
[ 2024-08-31 20:45:47,119 ] 97 werkzeug - INFO - 127.0.0.1 - - [31/Aug/2024 20:45:47] "GET / HTTP/1.1" 200 -
[ 2024-08-31 20:45:48,980 ] 41 root - INFO - Entered initiate_data_ingestion method of Data_Ingestion class
[ 2024-08-31 20:45:48,980 ] 26 root - INFO - Exporting data from mongodb
[ 2024-08-31 20:45:48,981 ] 30 root - INFO - Saving exported data into feature store file path: artifacts/08_31_2024_20_45_44/data_ingestion
[ 2024-08-31 20:46:05,760 ] 32 root - INFO - Shape of dataset: (11055, 31)
[ 2024-08-31 20:46:05,811 ] 44 root - INFO - Got the data from mongodb
[ 2024-08-31 20:46:05,811 ] 45 root - INFO - Exited initiate_data_ingestion method of Data_Ingestion class
[ 2024-08-31 20:46:05,811 ] 123 root - INFO - Entered initiate_data_validation method of Data_Validation class
[ 2024-08-31 20:46:05,811 ] 125 root - INFO - Initiated data validation for the dataset
[ 2024-08-31 20:46:05,812 ] 41 root - INFO - Error in valuesFromSchema in data_validation.py
[ 2024-08-31 20:46:05,854 ] 48 root - INFO - Entered initiate_data_transformation method of DataTransformation class
[ 2024-08-31 20:46:05,877 ] 83 root - INFO - Unwanted spaces removal Successful.
Exited the remove_unwanted_spaces method of the Preprocessor class
[ 2024-08-31 20:46:05,902 ] 38 root - INFO - Entered the save_object method of MainUtils class
[ 2024-08-31 20:46:05,903 ] 45 root - INFO - Exited the save_object method of MainUtils class
[ 2024-08-31 20:46:05,904 ] 104 root - INFO - Splitting training and testing input and target feature
[ 2024-08-31 20:46:05,904 ] 105 root - INFO - Extracting model config file path
[ 2024-08-31 20:46:05,904 ] 52 root - INFO - Entered the load_object method of MainUtils class
[ 2024-08-31 20:46:05,904 ] 56 root - INFO - Exited the load_object method of MainUtils class
[ 2024-08-31 20:46:05,904 ] 107 root - INFO - Extracting model config file path
[ 2024-08-31 20:46:11,672 ] 97 werkzeug - INFO - 127.0.0.1 - - [31/Aug/2024 20:46:11] "[35m[1mGET /train HTTP/1.1[0m" 500 -
[ 2024-08-31 20:46:11,730 ] 97 werkzeug - INFO - 127.0.0.1 - - [31/Aug/2024 20:46:11] "[36mGET /train?__debugger__=yes&cmd=resource&f=style.css HTTP/1.1[0m" 304 -
[ 2024-08-31 20:46:11,731 ] 97 werkzeug - INFO - 127.0.0.1 - - [31/Aug/2024 20:46:11] "[36mGET /train?__debugger__=yes&cmd=resource&f=debugger.js HTTP/1.1[0m" 304 -
[ 2024-08-31 20:46:11,745 ] 97 werkzeug - INFO - 127.0.0.1 - - [31/Aug/2024 20:46:11] "[36mGET /train?__debugger__=yes&cmd=resource&f=console.png HTTP/1.1[0m" 304 -
[ 2024-08-31 20:47:02,976 ] 97 werkzeug - INFO -  * Detected change in '/Users/adityachaudhary/Desktop/Important Projects/Data Science/Phishing-Classifier/src/components/model_trainer.py', reloading
