[ 2024-08-30 09:10:06,294 ] 97 werkzeug - WARNING -  * Debugger is active!
[ 2024-08-30 09:10:06,303 ] 97 werkzeug - INFO -  * Debugger PIN: 119-654-287
[ 2024-08-30 09:10:07,910 ] 41 root - INFO - Entered initiate_data_ingestion method of Data_Ingestion class
[ 2024-08-30 09:10:07,910 ] 26 root - INFO - Exporting data from mongodb
[ 2024-08-30 09:10:07,911 ] 30 root - INFO - Saving exported data into feature store file path: artifacts/08_30_2024_09_10_05/data_ingestion
[ 2024-08-30 09:10:10,360 ] 32 root - INFO - Shape of dataset: (11055, 31)
[ 2024-08-30 09:10:10,402 ] 44 root - INFO - Got the data from mongodb
[ 2024-08-30 09:10:10,403 ] 45 root - INFO - Exited initiate_data_ingestion method of Data_Ingestion class
[ 2024-08-30 09:10:10,403 ] 123 root - INFO - Entered initiate_data_validation method of Data_Validation class
[ 2024-08-30 09:10:10,403 ] 125 root - INFO - Initiated data validation for the dataset
[ 2024-08-30 09:10:10,403 ] 41 root - INFO - Error in valuesFromSchema in data_validation.py
[ 2024-08-30 09:10:10,435 ] 48 root - INFO - Entered initiate_data_transformation method of DataTransformation class
[ 2024-08-30 09:10:10,450 ] 80 root - INFO - Unwanted spaces removal Successful.
Exited the remove_unwanted_spaces method of the Preprocessor class
[ 2024-08-30 09:10:10,472 ] 38 root - INFO - Entered the save_object method of MainUtils class
[ 2024-08-30 09:10:10,473 ] 42 root - INFO - Exited the save_object method of MainUtils class
[ 2024-08-30 09:10:10,473 ] 97 root - INFO - Splitting training and testing input and target feature
[ 2024-08-30 09:10:10,473 ] 98 root - INFO - Extracting model config file path
[ 2024-08-30 09:10:10,473 ] 49 root - INFO - Entered the load_object method of MainUtils class
[ 2024-08-30 09:10:10,473 ] 53 root - INFO - Exited the load_object method of MainUtils class
[ 2024-08-30 09:10:10,473 ] 100 root - INFO - Extracting model config file path
[ 2024-08-30 09:10:21,603 ] 112 root - INFO - Best found model on both training and testing dataset
[ 2024-08-30 09:10:21,604 ] 114 root - INFO - Saving model at path: artifacts/08_30_2024_09_10_05/model_trainer/trained_model/model.pkl
[ 2024-08-30 09:10:21,604 ] 38 root - INFO - Entered the save_object method of MainUtils class
[ 2024-08-30 09:10:21,607 ] 42 root - INFO - Exited the save_object method of MainUtils class
[ 2024-08-30 09:10:21,613 ] 97 werkzeug - INFO - 127.0.0.1 - - [30/Aug/2024 09:10:21] "GET /train HTTP/1.1" 200 -
[ 2024-08-30 09:10:46,998 ] 97 werkzeug - INFO -  * Detected change in '/Users/adityachaudhary/Desktop/Important Projects/Data Science/Phishing-Classifier/src/pipeline/train_pipeline.py', reloading
