[ 2024-08-30 09:15:52,884 ] 97 werkzeug - WARNING -  * Debugger is active!
[ 2024-08-30 09:15:52,894 ] 97 werkzeug - INFO -  * Debugger PIN: 119-654-287
[ 2024-08-30 09:15:52,908 ] 97 werkzeug - INFO - 127.0.0.1 - - [30/Aug/2024 09:15:52] "GET / HTTP/1.1" 200 -
[ 2024-08-30 09:15:55,102 ] 41 root - INFO - Entered initiate_data_ingestion method of Data_Ingestion class
[ 2024-08-30 09:15:55,102 ] 26 root - INFO - Exporting data from mongodb
[ 2024-08-30 09:15:55,102 ] 30 root - INFO - Saving exported data into feature store file path: artifacts/08_30_2024_09_15_52/data_ingestion
[ 2024-08-30 09:15:59,308 ] 32 root - INFO - Shape of dataset: (11055, 31)
[ 2024-08-30 09:15:59,351 ] 44 root - INFO - Got the data from mongodb
[ 2024-08-30 09:15:59,351 ] 45 root - INFO - Exited initiate_data_ingestion method of Data_Ingestion class
[ 2024-08-30 09:15:59,351 ] 123 root - INFO - Entered initiate_data_validation method of Data_Validation class
[ 2024-08-30 09:15:59,351 ] 125 root - INFO - Initiated data validation for the dataset
[ 2024-08-30 09:15:59,351 ] 41 root - INFO - Error in valuesFromSchema in data_validation.py
[ 2024-08-30 09:15:59,384 ] 48 root - INFO - Entered initiate_data_transformation method of DataTransformation class
[ 2024-08-30 09:15:59,403 ] 80 root - INFO - Unwanted spaces removal Successful.
Exited the remove_unwanted_spaces method of the Preprocessor class
[ 2024-08-30 09:15:59,426 ] 38 root - INFO - Entered the save_object method of MainUtils class
[ 2024-08-30 09:15:59,427 ] 42 root - INFO - Exited the save_object method of MainUtils class
[ 2024-08-30 09:15:59,427 ] 97 root - INFO - Splitting training and testing input and target feature
[ 2024-08-30 09:15:59,427 ] 98 root - INFO - Extracting model config file path
[ 2024-08-30 09:15:59,427 ] 49 root - INFO - Entered the load_object method of MainUtils class
[ 2024-08-30 09:15:59,427 ] 53 root - INFO - Exited the load_object method of MainUtils class
[ 2024-08-30 09:15:59,427 ] 100 root - INFO - Extracting model config file path
[ 2024-08-30 09:16:13,422 ] 112 root - INFO - Best found model on both training and testing dataset
[ 2024-08-30 09:16:13,423 ] 114 root - INFO - Saving model at path: artifacts/08_30_2024_09_15_52/model_trainer/trained_model/model.pkl
[ 2024-08-30 09:16:13,423 ] 38 root - INFO - Entered the save_object method of MainUtils class
[ 2024-08-30 09:16:13,426 ] 42 root - INFO - Exited the save_object method of MainUtils class
[ 2024-08-30 09:16:13,428 ] 97 werkzeug - INFO - 127.0.0.1 - - [30/Aug/2024 09:16:13] "GET /train HTTP/1.1" 200 -
[ 2024-08-30 09:16:51,906 ] 97 werkzeug - INFO -  * Detected change in '/Users/adityachaudhary/Desktop/Important Projects/Data Science/Phishing-Classifier/src/pipeline/train_pipeline.py', reloading
