[ 2024-09-01 14:47:45,561 ] 97 werkzeug - WARNING -  * Debugger is active!
[ 2024-09-01 14:47:45,571 ] 97 werkzeug - INFO -  * Debugger PIN: 119-654-287
[ 2024-09-01 14:47:49,292 ] 41 root - INFO - Entered initiate_data_ingestion method of Data_Ingestion class
[ 2024-09-01 14:47:49,292 ] 26 root - INFO - Exporting data from mongodb
[ 2024-09-01 14:47:49,293 ] 30 root - INFO - Saving exported data into feature store file path: artifacts/09_01_2024_14_47_44/data_ingestion
[ 2024-09-01 14:47:59,417 ] 32 root - INFO - Shape of dataset: (11055, 31)
[ 2024-09-01 14:47:59,460 ] 44 root - INFO - Got the data from mongodb
[ 2024-09-01 14:47:59,460 ] 45 root - INFO - Exited initiate_data_ingestion method of Data_Ingestion class
[ 2024-09-01 14:47:59,460 ] 123 root - INFO - Entered initiate_data_validation method of Data_Validation class
[ 2024-09-01 14:47:59,460 ] 125 root - INFO - Initiated data validation for the dataset
[ 2024-09-01 14:47:59,460 ] 41 root - INFO - Error in valuesFromSchema in data_validation.py
[ 2024-09-01 14:47:59,492 ] 48 root - INFO - Entered initiate_data_transformation method of DataTransformation class
[ 2024-09-01 14:47:59,508 ] 83 root - INFO - Unwanted spaces removal Successful.
Exited the remove_unwanted_spaces method of the Preprocessor class
[ 2024-09-01 14:47:59,530 ] 38 root - INFO - Entered the save_object method of MainUtils class
[ 2024-09-01 14:47:59,530 ] 45 root - INFO - Exited the save_object method of MainUtils class
[ 2024-09-01 14:47:59,531 ] 104 root - INFO - Splitting training and testing input and target feature
[ 2024-09-01 14:47:59,531 ] 105 root - INFO - Extracting model config file path
[ 2024-09-01 14:47:59,531 ] 52 root - INFO - Entered the load_object method of MainUtils class
[ 2024-09-01 14:47:59,531 ] 56 root - INFO - Exited the load_object method of MainUtils class
[ 2024-09-01 14:47:59,531 ] 107 root - INFO - Extracting model config file path
